<root>
  <someelement>Success</someelement>
</root>